<?xml version="1.0" encoding="UTF-8"?>
<!-- Generated by org.testng.reporters.JUnitReportReporter -->
<testsuite hostname="LAPTOP-O596PGHR" failures="0" tests="2" name="test.ErroValidation" time="16.538" errors="0" timestamp="2025-07-26T22:03:19 IST" skipped="0">
  <testcase classname="test.ErroValidation" name="productErrorValidation" time="11.131"/>
  <testcase classname="test.ErroValidation" name="loginErroValidation" time="5.407"/>
</testsuite> <!-- test.ErroValidation -->
