<?xml version="1.0" encoding="UTF-8"?>
<!-- Generated by org.testng.reporters.JUnitReportReporter -->
<testsuite hostname="LAPTOP-O596PGHR" failures="0" tests="2" name="test.ErrorValidation" time="20.180" errors="0" timestamp="2025-07-27T13:31:54 IST" skipped="0">
  <testcase classname="test.ErrorValidation" name="loginErroValidation" time="4.668"/>
  <testcase classname="test.ErrorValidation" name="productErrorValidation" time="15.512"/>
</testsuite> <!-- test.ErrorValidation -->
