<?xml version="1.0" encoding="UTF-8"?>
<!-- Generated by org.testng.reporters.JUnitReportReporter -->
<testsuite hostname="LAPTOP-O596PGHR" failures="0" tests="3" name="test.FinaloutTest" time="40.385" errors="0" timestamp="2025-07-27T11:24:02 IST" skipped="0">
  <testcase classname="test.FinaloutTest" name="finaloutTest" time="20.409"/>
  <testcase classname="test.FinaloutTest" name="finaloutTest" time="17.333"/>
  <testcase classname="test.FinaloutTest" name="OrderHistoryTest" time="2.643"/>
</testsuite> <!-- test.FinaloutTest -->
