<?xml version="1.0" encoding="UTF-8"?>
<!-- Generated by org.testng.reporters.JUnitReportReporter -->
<testsuite hostname="LAPTOP-O596PGHR" failures="0" tests="3" name="test.FinaloutTest" time="45.174" errors="0" timestamp="2025-07-27T18:00:21 IST" skipped="0">
  <testcase classname="test.FinaloutTest" name="OrderHistoryTest" time="4.756"/>
  <testcase classname="test.FinaloutTest" name="finaloutTest" time="20.052"/>
  <testcase classname="test.FinaloutTest" name="finaloutTest" time="20.366"/>
</testsuite> <!-- test.FinaloutTest -->
