<?xml version="1.0" encoding="UTF-8"?>
<!-- Generated by org.testng.reporters.JUnitReportReporter -->
<testsuite hostname="LAPTOP-O596PGHR" failures="0" tests="3" name="test.FinaloutTest" time="81.809" errors="0" timestamp="2025-07-27T15:14:52 IST" skipped="0">
  <testcase classname="test.FinaloutTest" name="finaloutTest" time="36.239"/>
  <testcase classname="test.FinaloutTest" name="OrderHistoryTest" time="14.481"/>
  <testcase classname="test.FinaloutTest" name="finaloutTest" time="31.089"/>
</testsuite> <!-- test.FinaloutTest -->
