<?xml version="1.0" encoding="UTF-8"?>
<!-- Generated by org.testng.reporters.JUnitReportReporter -->
<testsuite hostname="LAPTOP-O596PGHR" failures="0" tests="2" name="test.ErrorValidation" time="36.674" errors="0" timestamp="2025-07-27T15:14:52 IST" skipped="0">
  <testcase classname="test.ErrorValidation" name="productErrorValidation" time="20.257"/>
  <testcase classname="test.ErrorValidation" name="loginErroValidation" time="16.417"/>
</testsuite> <!-- test.ErrorValidation -->
